2025-12-03 17:08:02.451 Starting new event loop for server
2025-12-03 17:08:02.452 Starting server...
2025-12-03 17:08:02.452 Serving static content from /Users/marinlepine/Library/Python/3.9/lib/python/site-packages/streamlit/static
2025-12-03 17:08:02.455 Server started on port 8501
2025-12-03 17:08:02.455 Runtime state: RuntimeState.INITIAL -> RuntimeState.NO_SESSIONS_CONNECTED

  You can now view your Streamlit app in your browser.

  Local URL: http://localhost:8501
  Network URL: http://192.168.1.33:8501

  For better performance, install the Watchdog module:

  $ xcode-select --install
  $ pip install watchdog
            
2025-12-03 17:08:02.456 Setting up signal handler
2025-12-03 17:08:02.919 AppSession initialized (id=740abc15-4b8c-4179-a329-02afeec3d805)
2025-12-03 17:08:02.919 Created new session for client 4373338384. Session ID: 740abc15-4b8c-4179-a329-02afeec3d805
2025-12-03 17:08:02.919 Runtime state: RuntimeState.NO_SESSIONS_CONNECTED -> RuntimeState.ONE_OR_MORE_SESSIONS_CONNECTED
2025-12-03 17:08:02.926 Received the following back message:
rerun_script {
  widget_states {
  }
  context_info {
    timezone: "Europe/Paris"
    timezone_offset: -60
    locale: "fr-FR"
    url: "http://localhost:8501/"
    is_embedded: false
    color_scheme: "dark"
  }
}

2025-12-03 17:08:02.926 Beginning script thread
2025-12-03 17:08:02.926 Running script RerunData(widget_states=, context_info=timezone: "Europe/Paris"
timezone_offset: -60
locale: "fr-FR"
url: "http://localhost:8501/"
is_embedded: false
color_scheme: "dark"
)
2025-12-03 17:08:02.927 Disconnecting files for session with ID 740abc15-4b8c-4179-a329-02afeec3d805
2025-12-03 17:08:02.927 Sessions still active: dict_keys([])
2025-12-03 17:08:02.927 Files: 0; Sessions with files: 0
/Users/marinlepine/Library/Python/3.9/lib/python/site-packages/urllib3/__init__.py:35: NotOpenSSLWarning: urllib3 v2 only supports OpenSSL 1.1.1+, currently the 'ssl' module is compiled with 'LibreSSL 2.8.3'. See: https://github.com/urllib3/urllib3/issues/3020
  warnings.warn(
2025-12-03 17:08:13.897 Registered component 'streamlit_folium.st_folium': /Users/marinlepine/Library/Python/3.9/lib/python/site-packages/streamlit_folium/frontend/build
2025-12-03 17:08:13.923 Removing orphaned files...
2025-12-03 17:08:15.622 Received the following back message:
rerun_script {
  widget_states {
    widgets {
      id: "$$ID-52d2762a2219b30e0dc6e82609253d65-like_0"
      trigger_value: true
    }
  }
  page_script_hash: "3f41e546893dc64b71aaacad12cad815"
  cached_message_hashes: "a19b7b523b4fc98e6608ee12c3bfd6e2"
  context_info {
    timezone: "Europe/Paris"
    timezone_offset: -60
    locale: "fr-FR"
    url: "http://localhost:8501/"
    is_embedded: false
    color_scheme: "dark"
  }
}

2025-12-03 17:08:15.623 Beginning script thread
2025-12-03 17:08:15.623 Running script RerunData(widget_states=widgets {
  id: "$$ID-52d2762a2219b30e0dc6e82609253d65-like_0"
  trigger_value: true
}
, page_script_hash='3f41e546893dc64b71aaacad12cad815', cached_message_hashes={'a19b7b523b4fc98e6608ee12c3bfd6e2'}, context_info=timezone: "Europe/Paris"
timezone_offset: -60
locale: "fr-FR"
url: "http://localhost:8501/"
is_embedded: false
color_scheme: "dark"
)
2025-12-03 17:08:15.624 Disconnecting files for session with ID 740abc15-4b8c-4179-a329-02afeec3d805
2025-12-03 17:08:15.624 Sessions still active: dict_keys([])
2025-12-03 17:08:15.624 Files: 0; Sessions with files: 0
2025-12-03 17:08:15.628 Sending cached message ref (hash=a19b7b523b4fc98e6608ee12c3bfd6e2)
2025-12-03 17:08:15.631 Removing orphaned files...
2025-12-03 17:08:16.440 Received the following back message:
rerun_script {
  widget_states {
    widgets {
      id: "$$ID-1c9c99abd04b8ae36c69e50ef9594bbe-dislike_1"
      trigger_value: true
    }
  }
  page_script_hash: "3f41e546893dc64b71aaacad12cad815"
  cached_message_hashes: "a19b7b523b4fc98e6608ee12c3bfd6e2"
  context_info {
    timezone: "Europe/Paris"
    timezone_offset: -60
    locale: "fr-FR"
    url: "http://localhost:8501/"
    is_embedded: false
    color_scheme: "dark"
  }
}

2025-12-03 17:08:16.441 Beginning script thread
2025-12-03 17:08:16.441 Running script RerunData(widget_states=widgets {
  id: "$$ID-1c9c99abd04b8ae36c69e50ef9594bbe-dislike_1"
  trigger_value: true
}
, page_script_hash='3f41e546893dc64b71aaacad12cad815', cached_message_hashes={'a19b7b523b4fc98e6608ee12c3bfd6e2'}, context_info=timezone: "Europe/Paris"
timezone_offset: -60
locale: "fr-FR"
url: "http://localhost:8501/"
is_embedded: false
color_scheme: "dark"
)
2025-12-03 17:08:16.442 Disconnecting files for session with ID 740abc15-4b8c-4179-a329-02afeec3d805
2025-12-03 17:08:16.442 Sessions still active: dict_keys([])
2025-12-03 17:08:16.442 Files: 0; Sessions with files: 0
2025-12-03 17:08:16.445 Sending cached message ref (hash=a19b7b523b4fc98e6608ee12c3bfd6e2)
2025-12-03 17:08:16.452 Removing orphaned files...
2025-12-03 17:08:17.706 Received the following back message:
rerun_script {
  widget_states {
    widgets {
      id: "$$ID-766eb4b78e72804d7e572df66d38825c-like_2"
      trigger_value: true
    }
  }
  page_script_hash: "3f41e546893dc64b71aaacad12cad815"
  cached_message_hashes: "a19b7b523b4fc98e6608ee12c3bfd6e2"
  context_info {
    timezone: "Europe/Paris"
    timezone_offset: -60
    locale: "fr-FR"
    url: "http://localhost:8501/"
    is_embedded: false
    color_scheme: "dark"
  }
}

2025-12-03 17:08:17.707 Beginning script thread
2025-12-03 17:08:17.707 Running script RerunData(widget_states=widgets {
  id: "$$ID-766eb4b78e72804d7e572df66d38825c-like_2"
  trigger_value: true
}
, page_script_hash='3f41e546893dc64b71aaacad12cad815', cached_message_hashes={'a19b7b523b4fc98e6608ee12c3bfd6e2'}, context_info=timezone: "Europe/Paris"
timezone_offset: -60
locale: "fr-FR"
url: "http://localhost:8501/"
is_embedded: false
color_scheme: "dark"
)
2025-12-03 17:08:17.707 Disconnecting files for session with ID 740abc15-4b8c-4179-a329-02afeec3d805
2025-12-03 17:08:17.707 Sessions still active: dict_keys([])
2025-12-03 17:08:17.707 Files: 0; Sessions with files: 0
2025-12-03 17:08:17.710 Sending cached message ref (hash=a19b7b523b4fc98e6608ee12c3bfd6e2)
2025-12-03 17:08:17.714 Removing orphaned files...
